<?xml version="1.0" encoding="UTF-8"?>
<!-- Generated by org.testng.reporters.JUnitReportReporter -->
<testsuite hostname="Eng-Marwa" failures="0" tests="3" name="Tests.TC02LandingTest" time="١٣.٢١١" errors="0" timestamp="٢٠٢٥-٠٨-٢٧T١٨:١٧:١٦ EEST" skipped="0">
  <testcase classname="Tests.TC02LandingTest" name="checkingNumberOfSelectedProductsTC" time="٤.٧٧٥"/>
  <testcase classname="Tests.TC02LandingTest" name="clickOnCartIcon" time="٤.٠٨٥"/>
  <testcase classname="Tests.TC02LandingTest" name="addingRandomProductsToCartTC" time="٤.٣٥١"/>
</testsuite> <!-- Tests.TC02LandingTest -->
