<?xml version="1.0" encoding="UTF-8"?>
<!-- Generated by org.testng.reporters.JUnitReportReporter -->
<testsuite hostname="Eng-Marwa" failures="0" tests="1" name="Tests.TC01LoginTest" time="٥.٦٢٠" errors="0" timestamp="٢٠٢٥-٠٨-٢٧T١٨:١٧:١٦ EEST" skipped="0">
  <testcase classname="Tests.TC01LoginTest" name="validLoginTC" time="٥.٦٢٠"/>
</testsuite> <!-- Tests.TC01LoginTest -->
