<?xml version="1.0" encoding="UTF-8"?>
<!-- Generated by org.testng.reporters.JUnitReportReporter -->
<testsuite hostname="Eng-Marwa" failures="0" tests="1" name="Tests.TC03CartTest" time="٤.٥٢٦" errors="0" timestamp="٢٠٢٥-٠٨-٢٧T١٨:١٧:١٦ EEST" skipped="0">
  <testcase classname="Tests.TC03CartTest" name="comparingPricesTC" time="٤.٥٢٦"/>
</testsuite> <!-- Tests.TC03CartTest -->
